{"total": {"lines":{"total":164,"covered":157,"skipped":0,"pct":95.73},"statements":{"total":166,"covered":159,"skipped":0,"pct":95.78},"functions":{"total":27,"covered":27,"skipped":0,"pct":100},"branches":{"total":129,"covered":117,"skipped":0,"pct":90.69},"branchesTrue":{"total":0,"covered":0,"skipped":0,"pct":"Unknown"}}
,"/Users/mattkindy/code/nimbuscloud-ai/suss/packages/stub/aws-apigateway/src/config.ts": {"lines":{"total":0,"covered":0,"skipped":0,"pct":100},"functions":{"total":0,"covered":0,"skipped":0,"pct":100},"statements":{"total":0,"covered":0,"skipped":0,"pct":100},"branches":{"total":0,"covered":0,"skipped":0,"pct":100}}
,"/Users/mattkindy/code/nimbuscloud-ai/suss/packages/stub/aws-apigateway/src/http.ts": {"lines":{"total":70,"covered":66,"skipped":0,"pct":94.28},"functions":{"total":8,"covered":8,"skipped":0,"pct":100},"statements":{"total":70,"covered":66,"skipped":0,"pct":94.28},"branches":{"total":50,"covered":45,"skipped":0,"pct":90}}
,"/Users/mattkindy/code/nimbuscloud-ai/suss/packages/stub/aws-apigateway/src/index.ts": {"lines":{"total":0,"covered":0,"skipped":0,"pct":100},"functions":{"total":0,"covered":0,"skipped":0,"pct":100},"statements":{"total":0,"covered":0,"skipped":0,"pct":100},"branches":{"total":0,"covered":0,"skipped":0,"pct":100}}
,"/Users/mattkindy/code/nimbuscloud-ai/suss/packages/stub/aws-apigateway/src/rest.ts": {"lines":{"total":62,"covered":61,"skipped":0,"pct":98.38},"functions":{"total":7,"covered":7,"skipped":0,"pct":100},"statements":{"total":62,"covered":61,"skipped":0,"pct":98.38},"branches":{"total":47,"covered":45,"skipped":0,"pct":95.74}}
,"/Users/mattkindy/code/nimbuscloud-ai/suss/packages/stub/aws-apigateway/src/shared.ts": {"lines":{"total":19,"covered":19,"skipped":0,"pct":100},"functions":{"total":5,"covered":5,"skipped":0,"pct":100},"statements":{"total":20,"covered":20,"skipped":0,"pct":100},"branches":{"total":24,"covered":23,"skipped":0,"pct":95.83}}
,"/Users/mattkindy/code/nimbuscloud-ai/suss/packages/stub/aws-apigateway/src/transitions.ts": {"lines":{"total":13,"covered":11,"skipped":0,"pct":84.61},"functions":{"total":7,"covered":7,"skipped":0,"pct":100},"statements":{"total":14,"covered":12,"skipped":0,"pct":85.71},"branches":{"total":8,"covered":4,"skipped":0,"pct":50}}
}
