{"total": {"lines":{"total":89,"covered":76,"skipped":0,"pct":85.39},"statements":{"total":90,"covered":77,"skipped":0,"pct":85.55},"functions":{"total":7,"covered":7,"skipped":0,"pct":100},"branches":{"total":57,"covered":36,"skipped":0,"pct":63.15},"branchesTrue":{"total":0,"covered":0,"skipped":0,"pct":"Unknown"}}
,"/home/runner/work/suss/suss/packages/stub/storybook/src/index.ts": {"lines":{"total":89,"covered":76,"skipped":0,"pct":85.39},"functions":{"total":7,"covered":7,"skipped":0,"pct":100},"statements":{"total":90,"covered":77,"skipped":0,"pct":85.55},"branches":{"total":57,"covered":36,"skipped":0,"pct":63.15}}
}
