{"total": {"lines":{"total":82,"covered":80,"skipped":0,"pct":97.56},"statements":{"total":84,"covered":82,"skipped":0,"pct":97.61},"functions":{"total":16,"covered":16,"skipped":0,"pct":100},"branches":{"total":28,"covered":25,"skipped":0,"pct":89.28},"branchesTrue":{"total":0,"covered":0,"skipped":0,"pct":"Unknown"}}
,"/home/runner/_work/suss/suss/packages/framework/aws-lambda/src/discovery.ts": {"lines":{"total":32,"covered":31,"skipped":0,"pct":96.87},"functions":{"total":8,"covered":8,"skipped":0,"pct":100},"statements":{"total":33,"covered":32,"skipped":0,"pct":96.96},"branches":{"total":8,"covered":7,"skipped":0,"pct":87.5}}
,"/home/runner/_work/suss/suss/packages/framework/aws-lambda/src/index.ts": {"lines":{"total":1,"covered":1,"skipped":0,"pct":100},"functions":{"total":1,"covered":1,"skipped":0,"pct":100},"statements":{"total":1,"covered":1,"skipped":0,"pct":100},"branches":{"total":0,"covered":0,"skipped":0,"pct":100}}
,"/home/runner/_work/suss/suss/packages/framework/aws-lambda/src/templateIndex.ts": {"lines":{"total":49,"covered":48,"skipped":0,"pct":97.95},"functions":{"total":7,"covered":7,"skipped":0,"pct":100},"statements":{"total":50,"covered":49,"skipped":0,"pct":98},"branches":{"total":20,"covered":18,"skipped":0,"pct":90}}
}
